<?xml version="1.0" encoding="UTF-8"?>
<testsuite name="StudentTest" tests="1" skipped="0" failures="0" errors="0" timestamp="2021-10-07T12:36:34" hostname="Conors-MacBook-Pro.local" time="0.001">
  <properties/>
  <testcase name="calculateUsername" classname="StudentTest" time="0.001"/>
  <system-out><![CDATA[]]></system-out>
  <system-err><![CDATA[]]></system-err>
</testsuite>
